Using pre-set license
Built from '2020.2/release' branch; Version is '2020.2.0f1 (3721df5a8b28) revision 3613151'; Using compiler version '192528614'; Build Type 'Release'
OS: 'Windows 10  (10.0.0) 64bit' Language: 'en' Physical Memory: 16315 MB
BatchMode: 1, IsHumanControllingUs: 0, StartBugReporterOnCrash: 0, Is64bit: 1, IsPro: 0

 COMMAND LINE ARGUMENTS:
D:\Unity\2020.2.0f1\Editor\Unity.exe
-adb2
-batchMode
-noUpm
-name
AssetImportWorker0
-projectPath
C:/Users/canun/Desktop/PetCoach/PetCoach/PetCoach
-logFile
Logs/AssetImportWorker0.log
-srvPort
52948
Successfully changed project path to: C:/Users/canun/Desktop/PetCoach/PetCoach/PetCoach
C:/Users/canun/Desktop/PetCoach/PetCoach/PetCoach
Using Asset Import Pipeline V2.
Refreshing native plugins compatible for Editor in 31.57 ms, found 0 plugins.
Preloading 0 native plugins for Editor in 0.00 ms.
Initialize engine version: 2020.2.0f1 (3721df5a8b28)
[Subsystems] Discovering subsystems at path D:/Unity/2020.2.0f1/Editor/Data/Resources/UnitySubsystems
[Subsystems] Discovering subsystems at path C:/Users/canun/Desktop/PetCoach/PetCoach/PetCoach/Assets
GfxDevice: creating device client; threaded=0
Direct3D:
    Version:  Direct3D 11.0 [level 11.1]
    Renderer: NVIDIA GeForce GTX 1060 3GB (ID=0x1c02)
    Vendor:   
    VRAM:     2988 MB
    Driver:   27.21.14.6140
Initialize mono
Mono path[0] = 'D:/Unity/2020.2.0f1/Editor/Data/Managed'
Mono path[1] = 'D:/Unity/2020.2.0f1/Editor/Data/MonoBleedingEdge/lib/mono/unityjit'
Mono config path = 'D:/Unity/2020.2.0f1/Editor/Data/MonoBleedingEdge/etc'
Using monoOptions --debugger-agent=transport=dt_socket,embedding=1,server=y,suspend=n,address=127.0.0.1:56836
Begin MonoManager ReloadAssembly
Registering precompiled unity dll's ...
Register platform support module: D:/Unity/2020.2.0f1/Editor/Data/PlaybackEngines/WebGLSupport/UnityEditor.WebGL.Extensions.dll
Register platform support module: D:/Unity/2020.2.0f1/Editor/Data/PlaybackEngines/WindowsStandaloneSupport/UnityEditor.WindowsStandalone.Extensions.dll
Registered in 0.001594 seconds.
Native extension for WindowsStandalone target not found
Native extension for WebGL target not found
Refreshing native plugins compatible for Editor in 26.93 ms, found 0 plugins.
Preloading 0 native plugins for Editor in 0.00 ms.
Invoked RoslynAnalysisRunner static constructor.
RoslynAnalysisRunner will not be running.
RoslynAnalysisRunner has terminated.
Mono: successfully reloaded assembly
- Completed reload, in  2.444 seconds
Platform modules already initialized, skipping
Registering precompiled user dll's ...
Registered in 0.001084 seconds.
Begin MonoManager ReloadAssembly
Native extension for WindowsStandalone target not found
Native extension for WebGL target not found
Refreshing native plugins compatible for Editor in 0.20 ms, found 0 plugins.
Preloading 0 native plugins for Editor in 0.00 ms.
Invoked RoslynAnalysisRunner static constructor.
RoslynAnalysisRunner will not be running.
RoslynAnalysisRunner has terminated.
Mono: successfully reloaded assembly
- Completed reload, in  0.938 seconds
Platform modules already initialized, skipping
========================================================================
Worker process is ready to serve import requests
Launched and connected shader compiler UnityShaderCompiler.exe after 0.04 seconds
Refreshing native plugins compatible for Editor in 0.22 ms, found 0 plugins.
Preloading 0 native plugins for Editor in 0.00 ms.
Unloading 1115 Unused Serialized files (Serialized files now loaded: 0)
System memory in use before: 58.6 MB.
System memory in use after: 58.7 MB.

Unloading 10 unused Assets to reduce memory usage. Loaded Objects now: 1557.
Total: 2.070100 ms (FindLiveObjects: 0.142000 ms CreateObjectMapping: 0.055700 ms MarkObjects: 1.805700 ms  DeleteObjects: 0.065200 ms)

========================================================================
Received Import Request.
  path: Assets/Textures/Gold.asset
  artifactKey: Guid(c99e445ca58f14d47b8c1f79433f644b) Importer(815301076,1909f56bfc062723c751e8b465ee728b)
Start importing Assets/Textures/Gold.asset using Guid(c99e445ca58f14d47b8c1f79433f644b) Importer(815301076,1909f56bfc062723c751e8b465ee728b)  -> (artifact id: '23c55328ce04415e23f3d932e5a92b44') in 0.066617 seconds
  Import took 0.069626 seconds .

========================================================================
Received Import Request.
  Time since last request: 1.063446 seconds.
  path: Assets/Scripts/Cooking/CookingGame.cs
  artifactKey: Guid(cde3de67003cd0d46af7d9cf7930f4e9) Importer(815301076,1909f56bfc062723c751e8b465ee728b)
Start importing Assets/Scripts/Cooking/CookingGame.cs using Guid(cde3de67003cd0d46af7d9cf7930f4e9) Importer(815301076,1909f56bfc062723c751e8b465ee728b)  -> (artifact id: '3f46d48175d829ce7936c73a9663b59d') in 0.009662 seconds
  Import took 0.011324 seconds .

========================================================================
Received Import Request.
  Time since last request: 0.021228 seconds.
  path: Assets/Scripts/Cooking/CookingGame.cs
  artifactKey: Guid(cde3de67003cd0d46af7d9cf7930f4e9) Importer(815301076,1909f56bfc062723c751e8b465ee728b)
Start importing Assets/Scripts/Cooking/CookingGame.cs using Guid(cde3de67003cd0d46af7d9cf7930f4e9) Importer(815301076,1909f56bfc062723c751e8b465ee728b)  -> (artifact id: '3f46d48175d829ce7936c73a9663b59d') in 0.002937 seconds
  Import took 0.005246 seconds .

========================================================================
Received Prepare
Refreshing native plugins compatible for Editor in 0.65 ms, found 0 plugins.
Preloading 0 native plugins for Editor in 0.00 ms.
Unloading 3 Unused Serialized files (Serialized files now loaded: 0)
System memory in use before: 35.9 MB.
System memory in use after: 36.0 MB.

Unloading 3 unused Assets to reduce memory usage. Loaded Objects now: 1557.
Total: 1.894400 ms (FindLiveObjects: 0.149400 ms CreateObjectMapping: 0.040400 ms MarkObjects: 1.649800 ms  DeleteObjects: 0.053600 ms)

========================================================================
Received Import Request.
  Time since last request: 29.592814 seconds.
  path: Assets/Scripts/Cooking/CookingGame.cs
  artifactKey: Guid(cde3de67003cd0d46af7d9cf7930f4e9) Importer(815301076,1909f56bfc062723c751e8b465ee728b)
Start importing Assets/Scripts/Cooking/CookingGame.cs using Guid(cde3de67003cd0d46af7d9cf7930f4e9) Importer(815301076,1909f56bfc062723c751e8b465ee728b)  -> (artifact id: '8df396792ae2aecfd8153656084435c2') in 0.002901 seconds
  Import took 0.005422 seconds .

========================================================================
Received Import Request.
  Time since last request: 16.418940 seconds.
  path: Assets/Scripts/Cooking/CookingGame.cs
  artifactKey: Guid(cde3de67003cd0d46af7d9cf7930f4e9) Importer(815301076,1909f56bfc062723c751e8b465ee728b)
Start importing Assets/Scripts/Cooking/CookingGame.cs using Guid(cde3de67003cd0d46af7d9cf7930f4e9) Importer(815301076,1909f56bfc062723c751e8b465ee728b)  -> (artifact id: '726768d07300980a332964a7ecb42619') in 0.003451 seconds
  Import took 0.005774 seconds .

========================================================================
Received Import Request.
  Time since last request: 0.002433 seconds.
  path: Assets/Scripts/Cooking/CookingGame.cs
  artifactKey: Guid(cde3de67003cd0d46af7d9cf7930f4e9) Importer(815301076,1909f56bfc062723c751e8b465ee728b)
Start importing Assets/Scripts/Cooking/CookingGame.cs using Guid(cde3de67003cd0d46af7d9cf7930f4e9) Importer(815301076,1909f56bfc062723c751e8b465ee728b)  -> (artifact id: '726768d07300980a332964a7ecb42619') in 0.003578 seconds
  Import took 0.005261 seconds .

========================================================================
Received Import Request.
  Time since last request: 12.153808 seconds.
  path: Assets/Scripts/Cooking/CookingGame.cs
  artifactKey: Guid(cde3de67003cd0d46af7d9cf7930f4e9) Importer(815301076,1909f56bfc062723c751e8b465ee728b)
Start importing Assets/Scripts/Cooking/CookingGame.cs using Guid(cde3de67003cd0d46af7d9cf7930f4e9) Importer(815301076,1909f56bfc062723c751e8b465ee728b)  -> (artifact id: '1939feacf601eb437fe1cfa13dc0f938') in 0.003916 seconds
  Import took 0.005870 seconds .

========================================================================
Received Prepare
Registering precompiled user dll's ...
Registered in 0.000734 seconds.
Begin MonoManager ReloadAssembly
Native extension for WindowsStandalone target not found
Native extension for WebGL target not found
Refreshing native plugins compatible for Editor in 0.18 ms, found 0 plugins.
Preloading 0 native plugins for Editor in 0.00 ms.
Invoked RoslynAnalysisRunner static constructor.
RoslynAnalysisRunner will not be running.
RoslynAnalysisRunner has terminated.
Mono: successfully reloaded assembly
- Completed reload, in  0.765 seconds
Platform modules already initialized, skipping
Refreshing native plugins compatible for Editor in 0.18 ms, found 0 plugins.
Preloading 0 native plugins for Editor in 0.00 ms.
Unloading 1097 Unused Serialized files (Serialized files now loaded: 0)
System memory in use before: 58.0 MB.
System memory in use after: 58.1 MB.

Unloading 5 unused Assets to reduce memory usage. Loaded Objects now: 1559.
Total: 2.383900 ms (FindLiveObjects: 0.185400 ms CreateObjectMapping: 0.118300 ms MarkObjects: 2.029600 ms  DeleteObjects: 0.049400 ms)

AssetImportWorkerClient::OnTransportError - code=2 error=End of file
